<?xml version="1.0" encoding="UTF-8"?>
<!-- Generated by org.testng.reporters.JUnitReportReporter -->
<testsuite hostname="DESKTOP-3TPQ8L5" failures="0" tests="5" name="tests.CraterUserManagement" time="53.484" errors="0" timestamp="2022-12-22T03:44:28 EST" skipped="0">
  <testcase classname="tests.CraterUserManagement" name="invalidLogin" time="11.193"/>
  <system-out/>
  <testcase classname="tests.CraterUserManagement" name="validLogin" time="11.901"/>
  <system-out/>
  <testcase classname="tests.CraterUserManagement" name="invalidLogin" time="10.330"/>
  <system-out/>
  <testcase classname="tests.CraterUserManagement" name="invalidLogin" time="10.434"/>
  <system-out/>
  <testcase classname="tests.CraterUserManagement" name="invalidLogin" time="9.626"/>
  <system-out/>
</testsuite> <!-- tests.CraterUserManagement -->
